<?xml version="1.0" encoding="UTF-8"?>
<beans xmlns="http://www.springframework.org/schema/beans"
       xmlns:xsi="http://www.w3.org/2001/XMLSchema-instance"
       xmlns:context="http://www.springframework.org/schema/context"
       xmlns:jdbc="http://www.springframework.org/schema/jdbc"
       xsi:schemaLocation="http://www.springframework.org/schema/beans http://www.springframework.org/schema/beans/spring-beans.xsd http://www.springframework.org/schema/context http://www.springframework.org/schema/context/spring-context.xsd http://www.springframework.org/schema/jdbc http://www.springframework.org/schema/jdbc/spring-jdbc.xsd">

    <context:property-placeholder location="classpath:test-database.properties"/>


    <jdbc:embedded-database id="dataSource" type="HSQL">
        <jdbc:script location="${jdbc.initLocation}"/>
        <jdbc:script location="${jdbc.dataLocation}"/>

    </jdbc:embedded-database>


    <!--<bean id="dataSource"-->
          <!--class="org.springframework.jdbc.datasource.DriverManagerDataSource">-->
        <!--<property name="driverClassName" value="com.mysql.jdbc.Driver"/>-->
        <!--<property name="url" value="jdbc:mysql://localhost/social_network"/>-->
        <!--<property name="username" value="root"/>-->
        <!--<property name="password" value="qwerty"/>-->
    <!--</bean>-->



</beans>